[2026-05-31T08:33:17.427Z] Step 1: callback called {
  "redirectUri": "http://localhost:5000/api/v1/auth/google/callback",
  "hasCode": true,
  "clientIdPrefix": "5945247860"
}
[2026-05-31T08:33:17.626Z] Step 2: token exchange {
  "status": 200
}
[2026-05-31T08:33:17.633Z] Step 3: token response {
  "hasAccessToken": true
}
[2026-05-31T08:33:17.880Z] Step 4: google user info {
  "email": "dgbscorpion206@gmail.com",
  "name": "Gia Bảo Dương"
}
[2026-05-31T08:33:17.883Z] CATCH error {
  "message": "Unknown column 'oauth_id' in 'field list'",
  "stack": "Error: Unknown column 'oauth_id' in 'field list'\n    at Object.saveOAuthInfo (D:\\file\\second year\\sem 2\\Web Application Development\\PROJECT\\WAD-Project\\backend\\src\\models\\userModel.js:116:14)\n    at googleCallback (D:\\file\\second year\\sem 2\\Web Application Development\\PROJECT\\WAD-Project\\backend\\src\\controllers\\oauthController.js:73:23)\n    at process.processTicksAndRejections (node:internal/process/task_queues:104:5)",
  "name": "Error",
  "code": "ER_BAD_FIELD_ERROR"
}
[2026-05-31T08:33:20.678Z] Step 1: callback called {
  "redirectUri": "http://localhost:5000/api/v1/auth/google/callback",
  "hasCode": true,
  "clientIdPrefix": "5945247860"
}
[2026-05-31T08:33:20.754Z] Step 2: token exchange {
  "status": 200
}
[2026-05-31T08:33:20.756Z] Step 3: token response {
  "hasAccessToken": true
}
[2026-05-31T08:33:20.848Z] Step 4: google user info {
  "email": "dgbscorpion206@gmail.com",
  "name": "Gia Bảo Dương"
}
[2026-05-31T08:33:20.851Z] CATCH error {
  "message": "Unknown column 'oauth_id' in 'field list'",
  "stack": "Error: Unknown column 'oauth_id' in 'field list'\n    at Object.saveOAuthInfo (D:\\file\\second year\\sem 2\\Web Application Development\\PROJECT\\WAD-Project\\backend\\src\\models\\userModel.js:116:14)\n    at googleCallback (D:\\file\\second year\\sem 2\\Web Application Development\\PROJECT\\WAD-Project\\backend\\src\\controllers\\oauthController.js:73:23)\n    at process.processTicksAndRejections (node:internal/process/task_queues:104:5)",
  "name": "Error",
  "code": "ER_BAD_FIELD_ERROR"
}
[2026-05-31T08:35:03.289Z] Step 1: callback called {
  "redirectUri": "http://localhost:5000/api/v1/auth/google/callback",
  "hasCode": true,
  "clientIdPrefix": "5945247860"
}
[2026-05-31T08:35:03.417Z] Step 2: token exchange {
  "status": 200
}
[2026-05-31T08:35:03.421Z] Step 3: token response {
  "hasAccessToken": true
}
[2026-05-31T08:35:03.636Z] Step 4: google user info {
  "email": "dgbscorpion206@gmail.com",
  "name": "Gia Bảo Dương"
}
[2026-05-31T08:35:03.640Z] CATCH error {
  "message": "Unknown column 'oauth_id' in 'field list'",
  "stack": "Error: Unknown column 'oauth_id' in 'field list'\n    at Object.saveOAuthInfo (D:\\file\\second year\\sem 2\\Web Application Development\\PROJECT\\WAD-Project\\backend\\src\\models\\userModel.js:116:14)\n    at googleCallback (D:\\file\\second year\\sem 2\\Web Application Development\\PROJECT\\WAD-Project\\backend\\src\\controllers\\oauthController.js:73:23)\n    at process.processTicksAndRejections (node:internal/process/task_queues:104:5)",
  "name": "Error",
  "code": "ER_BAD_FIELD_ERROR"
}
[2026-05-31T08:37:07.943Z] Step 1: callback called {
  "redirectUri": "http://localhost:5000/api/v1/auth/google/callback",
  "hasCode": true,
  "clientIdPrefix": "5945247860"
}
[2026-05-31T08:37:08.160Z] Step 2: token exchange {
  "status": 200
}
[2026-05-31T08:37:08.168Z] Step 3: token response {
  "hasAccessToken": true
}
[2026-05-31T08:37:08.372Z] Step 4: google user info {
  "email": "dgbscorpion206@gmail.com",
  "name": "Gia Bảo Dương"
}
[2026-05-31T08:37:14.981Z] Step 1: callback called {
  "redirectUri": "http://localhost:5000/api/v1/auth/google/callback",
  "hasCode": true,
  "clientIdPrefix": "5945247860"
}
[2026-05-31T08:37:15.148Z] Step 2: token exchange {
  "status": 200
}
[2026-05-31T08:37:15.151Z] Step 3: token response {
  "hasAccessToken": true
}
[2026-05-31T08:37:15.359Z] Step 4: google user info {
  "email": "dgbscorpion206@gmail.com",
  "name": "Gia Bảo Dương"
}
[2026-05-31T08:40:16.944Z] Step 1: callback called {
  "redirectUri": "http://localhost:5000/api/v1/auth/google/callback",
  "hasCode": true,
  "clientIdPrefix": "5945247860"
}
[2026-05-31T08:40:17.083Z] Step 2: token exchange {
  "status": 200
}
[2026-05-31T08:40:17.085Z] Step 3: token response {
  "hasAccessToken": true
}
[2026-05-31T08:40:17.293Z] Step 4: google user info {
  "email": "dgbscorpion206@gmail.com",
  "name": "Gia Bảo Dương"
}
[2026-05-31T08:49:08.228Z] Step 1: callback called {
  "redirectUri": "http://localhost:5000/api/v1/auth/google/callback",
  "hasCode": true,
  "clientIdPrefix": "5945247860"
}
[2026-05-31T08:49:08.387Z] Step 2: token exchange {
  "status": 200
}
[2026-05-31T08:49:08.390Z] Step 3: token response {
  "hasAccessToken": true
}
[2026-05-31T08:49:08.806Z] Step 4: google user info {
  "email": "dgbscorpion206@gmail.com",
  "name": "Gia Bảo Dương"
}
[2026-05-31T08:51:47.508Z] Step 1: callback called {
  "redirectUri": "http://localhost:5000/api/v1/auth/google/callback",
  "hasCode": true,
  "clientIdPrefix": "5945247860"
}
[2026-05-31T08:51:47.631Z] Step 2: token exchange {
  "status": 200
}
[2026-05-31T08:51:47.633Z] Step 3: token response {
  "hasAccessToken": true
}
[2026-05-31T08:51:48.096Z] Step 4: google user info {
  "email": "dgbscorpion206@gmail.com",
  "name": "Gia Bảo Dương"
}
