◇ injected env (15) from .env // tip: ⌘ suppress logs { quiet: true }
MySQL connected
[Cron] Jobs started
Server running on port5000
[0mGET /api/v1/movies [32m200[0m 44.697 ms - 2080[0m
[0mGET /api/v1/movies [32m200[0m 8.740 ms - 2080[0m
[0mGET /api/v1/movies?genre_id=999 [32m200[0m 8.810 ms - 71[0m
[0mGET /api/v1/movies?page=1&limit=5&sort=title_asc [32m200[0m 4.423 ms - 2079[0m
[0mGET /api/v1/movies/trending [32m200[0m 8.838 ms - 556[0m
[0mGET /api/v1/movies/1 [32m200[0m 4.318 ms - 956[0m
[0mGET /api/v1/movies/999 [33m404[0m 4.587 ms - 48[0m
[0mGET /api/v1/movies/trending [32m200[0m 1.522 ms - 556[0m
[0mGET /api/v1/movies/search?q=angel [32m200[0m 4.463 ms - 1027[0m
[0mGET /api/v1/movies/search?q= [33m400[0m 0.875 ms - 190[0m
[0mGET /api/v1/movies?limit=100 [32m200[0m 37.740 ms - 2081[0m
[0mGET /api/v1/genres [32m200[0m 28.898 ms - 1145[0m
[0mGET /api/v1/watchlist?limit=100 [33m401[0m 14.944 ms - 54[0m
[0mGET /api/v1/watch-history?limit=100 [33m401[0m 2.078 ms - 54[0m
[0mGET /api/v1/notifications?limit=50 [33m401[0m 2.377 ms - 54[0m
[0mPOST /api/v1/auth/refresh [32m200[0m 9.175 ms - 175[0m
[0mPOST /api/v1/auth/refresh [32m200[0m 9.916 ms - 175[0m
[0mPOST /api/v1/auth/refresh [32m200[0m 10.880 ms - 175[0m
[0mGET /api/v1/watchlist?limit=100 [32m200[0m 12.241 ms - 367[0m
[0mGET /api/v1/watch-history?limit=100 [36m304[0m 21.229 ms - -[0m
[0mGET /api/v1/notifications?limit=50 [36m304[0m 19.993 ms - -[0m
[0mGET /api/v1/notifications/unread-count [36m304[0m 2.753 ms - -[0m
